<?xml version="1.0" encoding="UTF-8"?>
<!-- Generated by org.testng.reporters.JUnitXMLReporter -->
<testsuite hostname="ajayg-ubuntu" ignored="0" name="Surefire test" tests="4" failures="0" timestamp="14 Apr 2020 03:31:23 GMT" time="0.062" errors="0">
  <testcase name="otherTestcase on otherTestcase(main.test.Testpractice)" time="0.01" classname="main.test.Testpractice"/>
  <testcase name="testcaseFirst on testcaseFirst(main.test.Testpractice)" time="0.009" classname="main.test.Testpractice"/>
  <testcase name="testcaseThird on testcaseThird(main.test.Testpractice)" time="0.009" classname="main.test.Testpractice"/>
  <testcase name="testcaseSecond on testcaseSecond(main.test.Testpractice)" time="0.009" classname="main.test.Testpractice"/>
</testsuite> <!-- Surefire test -->
